=== Invocation 2026-05-07T19:29:18Z | seed=1 | keep_state=1 | pid=2390691 | host=nah-popos ===
=== [cm] /home/vltanh/Documents/netsci-research/examples/estimated_clusterings/ec-sbm-v2/sbm-flat-best+cc/clusterings/leiden-cpm-0.1+cm(piecewise)/dnc/0/.state/time_and_err.log ===
[cm] === 2026-05-07T19:29:18Z | pid=2390691 | host=nah-popos | EXECUTED ===
[cm] 	Command being timed: "/home/vltanh/Documents/netsci-research/community-detection/constrained-clustering/constrained_clustering CM --mincut-type cactus --connectedness-criterion piecewise --edgelist /home/vltanh/Documents/netsci-research/examples/synthetic_networks/networks/ec-sbm-v2/sbm-flat-best+cc/dnc/0/edge.csv --existing-clustering /home/vltanh/Documents/netsci-research/examples/estimated_clusterings/ec-sbm-v2/sbm-flat-best+cc/clusterings/leiden-cpm-0.1/dnc/0/com.csv --algorithm leiden-cpm --num-processors 1 --output-file /home/vltanh/Documents/netsci-research/examples/estimated_clusterings/ec-sbm-v2/sbm-flat-best+cc/clusterings/leiden-cpm-0.1+cm(piecewise)/dnc/0/com.csv --history-file /home/vltanh/Documents/netsci-research/examples/estimated_clusterings/ec-sbm-v2/sbm-flat-best+cc/clusterings/leiden-cpm-0.1+cm(piecewise)/dnc/0/.state/history.log --log-file /home/vltanh/Documents/netsci-research/examples/estimated_clusterings/ec-sbm-v2/sbm-flat-best+cc/clusterings/leiden-cpm-0.1+cm(piecewise)/dnc/0/.state/cm.log --log-level 1 --clustering-parameter 0.1"
[cm] 	User time (seconds): 0.02
[cm] 	System time (seconds): 0.00
[cm] 	Percent of CPU this job got: 100%
[cm] 	Elapsed (wall clock) time (h:mm:ss or m:ss): 0:00.02
[cm] 	Average shared text size (kbytes): 0
[cm] 	Average unshared data size (kbytes): 0
[cm] 	Average stack size (kbytes): 0
[cm] 	Average total size (kbytes): 0
[cm] 	Maximum resident set size (kbytes): 9936
[cm] 	Average resident set size (kbytes): 0
[cm] 	Major (requiring I/O) page faults: 0
[cm] 	Minor (reclaiming a frame) page faults: 912
[cm] 	Voluntary context switches: 2
[cm] 	Involuntary context switches: 4
[cm] 	Swaps: 0
[cm] 	File system inputs: 0
[cm] 	File system outputs: 32
[cm] 	Socket messages sent: 0
[cm] 	Socket messages received: 0
[cm] 	Signals delivered: 0
[cm] 	Page size (bytes): 4096
[cm] 	Exit status: 0
[cm] === exit=0 ===

=== [cm (cm)] /home/vltanh/Documents/netsci-research/examples/estimated_clusterings/ec-sbm-v2/sbm-flat-best+cc/clusterings/leiden-cpm-0.1+cm(piecewise)/dnc/0/.state/cm.log ===
[cm (cm)] [INFO][0-0:0:0](t=0s) Running with custom connectedness criterion: piecewise
[cm (cm)] [INFO][0-0:0:0](t=0s) Loading the initial graph
[cm (cm)] [INFO][0-0:0:0](t=0s) Finished loading the initial graph
[cm (cm)] [INFO][0-0:0:0](t=0s) Iteration number: 0
[cm (cm)] [INFO][0-0:0:0](t=0s) all clusters are well-connected
[cm (cm)] [INFO][0-0:0:0](t=0s) Total number of iterations: 1
[cm (cm)] [INFO][0-0:0:0](t=0s) Writing output to: /home/vltanh/Documents/netsci-research/examples/estimated_clusterings/ec-sbm-v2/sbm-flat-best+cc/clusterings/leiden-cpm-0.1+cm(piecewise)/dnc/0/com.csv

=== [cm (history)] /home/vltanh/Documents/netsci-research/examples/estimated_clusterings/ec-sbm-v2/sbm-flat-best+cc/clusterings/leiden-cpm-0.1+cm(piecewise)/dnc/0/.state/history.log ===
[cm (history)] -1:0,27,34,12,9,5,3,4,1,13,8,41,7,2,42,59,35,30,52,60,61,36,32,31,62,63,43,64,56,44,45,46,65,66,67,68,69,70,71,72,47,73,74,75,76,77,78,79,80,81,82,83,84,21,86,25,53,24,48,10,28,39,14,6,26,29,88,33,50,17,16,18,38,57,22,102,23,15,54,49,90,11,20,19,37,85,55,40,89,104,58,91,92,93,94,95,96,97,98,99,100,101,51,106,103,87,105,107,108

