=== Invocation 2026-05-07T19:28:26Z | seed=n/a | keep_state=0 | pid=2385734 | host=nah-popos ===
2026-05-07 14:28:28,789 - INFO - Building graph via hashed edge list...
2026-05-07 14:28:28,852 - INFO - Graph built in 0.063s
2026-05-07 14:28:28,855 - INFO - node.idx saved in 0.003s
2026-05-07 14:28:28,856 - INFO - Computing n_nodes...
2026-05-07 14:28:28,856 - INFO - n_nodes completed in 0.001s
2026-05-07 14:28:28,856 - INFO - Computing n_edges...
2026-05-07 14:28:28,858 - INFO - n_edges completed in 0.001s
2026-05-07 14:28:28,858 - INFO - Computing n_concomp...
2026-05-07 14:28:28,859 - INFO - n_concomp completed in 0.001s
2026-05-07 14:28:28,859 - INFO - Computing mean_degree...
2026-05-07 14:28:28,860 - INFO - mean_degree completed in 0.001s
2026-05-07 14:28:28,860 - INFO - Computing deg_assort...
2026-05-07 14:28:28,862 - INFO - deg_assort completed in 0.002s
2026-05-07 14:28:28,862 - INFO - Computing mean_kcore...
2026-05-07 14:28:28,864 - INFO - mean_kcore completed in 0.001s
2026-05-07 14:28:28,864 - INFO - Computing global_ccoeff...
2026-05-07 14:28:28,868 - INFO - global_ccoeff completed in 0.005s
2026-05-07 14:28:28,869 - INFO - Computing local_ccoeff...
2026-05-07 14:28:28,873 - INFO - local_ccoeff completed in 0.005s
2026-05-07 14:28:28,873 - INFO - Computing pseudo_diameter...
2026-05-07 14:28:28,877 - INFO - pseudo_diameter completed in 0.003s
2026-05-07 14:28:28,877 - INFO - Computing char_time...
2026-05-07 14:28:28,902 - INFO - char_time completed in 0.026s
2026-05-07 14:28:28,903 - INFO - Computing node_percolation_targeted...
2026-05-07 14:28:28,908 - INFO - node_percolation_targeted completed in 0.006s
2026-05-07 14:28:28,908 - INFO - Computing node_percolation_random...
2026-05-07 14:28:28,920 - INFO - node_percolation_random completed in 0.012s
2026-05-07 14:28:28,921 - INFO - Computing frac_giant_ccomp...
2026-05-07 14:28:28,923 - INFO - frac_giant_ccomp completed in 0.003s
2026-05-07 14:28:28,923 - INFO - Computing concomp_sizes...
2026-05-07 14:28:28,924 - INFO - concomp_sizes completed in 0.001s
2026-05-07 14:28:28,924 - INFO - Computing degree...
2026-05-07 14:28:28,926 - INFO - degree completed in 0.001s
2026-05-07 14:28:28,926 - INFO - Computing local_ccoeff_nodes...
2026-05-07 14:28:28,928 - INFO - local_ccoeff_nodes completed in 0.002s
2026-05-07 14:28:28,928 - INFO - Computing pagerank...
2026-05-07 14:28:28,943 - INFO - pagerank completed in 0.014s
2026-05-07 14:28:28,943 - INFO - Computing kcore...
2026-05-07 14:28:28,944 - INFO - kcore completed in 0.001s
2026-05-07 14:28:28,945 - INFO - Total time taken: 0.156s
