=== 2026-05-07T19:28:29Z | pid=2386090 | host=nah-popos | EXECUTED ===
	Command being timed: "python /home/vltanh/Documents/netsci-research/community-detection/src/sbm/run_sbm.py --edgelist /home/vltanh/Documents/netsci-research/examples/empirical_networks/networks/dnc/dnc.csv --output-directory /home/vltanh/Documents/netsci-research/examples/reference_clusterings/clusterings/sbm-flat-dc/dnc --method flat-dc --seed 1 --log-file /home/vltanh/Documents/netsci-research/examples/reference_clusterings/clusterings/sbm-flat-dc/dnc/.state/run.log"
	User time (seconds): 5.66
	System time (seconds): 0.52
	Percent of CPU this job got: 99%
	Elapsed (wall clock) time (h:mm:ss or m:ss): 0:06.22
	Average shared text size (kbytes): 0
	Average unshared data size (kbytes): 0
	Average stack size (kbytes): 0
	Average total size (kbytes): 0
	Maximum resident set size (kbytes): 1063104
	Average resident set size (kbytes): 0
	Major (requiring I/O) page faults: 0
	Minor (reclaiming a frame) page faults: 237201
	Voluntary context switches: 227
	Involuntary context switches: 891
	Swaps: 0
	File system inputs: 0
	File system outputs: 48
	Socket messages sent: 0
	Socket messages received: 0
	Signals delivered: 0
	Page size (bytes): 4096
	Exit status: 0
=== exit=0 ===
