	Command being timed: "python /home/vltanh/Documents/netsci-research/community-detection/network_evaluation/commdet_acc/compute_cd_accuracy.py --input-network /home/vltanh/Documents/netsci-research/examples/synthetic_networks/networks/sbm/sbm-flat-best+cc/dnc/0/edge.csv --gt-clustering /home/vltanh/Documents/netsci-research/examples/reference_clusterings/clusterings/sbm-flat-best+cc/dnc/com.csv --est-clustering /home/vltanh/Documents/netsci-research/examples/estimated_clusterings/sbm/sbm-flat-best+cc/clusterings/leiden-cpm-0.1+cm(piecewise)/dnc/0/com.csv --output-prefix /home/vltanh/Documents/netsci-research/examples/estimated_clusterings/sbm/sbm-flat-best+cc/acc/leiden-cpm-0.1+cm(piecewise)/dnc/0/result"
	User time (seconds): 1.87
	System time (seconds): 0.16
	Percent of CPU this job got: 98%
	Elapsed (wall clock) time (h:mm:ss or m:ss): 0:02.07
	Average shared text size (kbytes): 0
	Average unshared data size (kbytes): 0
	Average stack size (kbytes): 0
	Average total size (kbytes): 0
	Maximum resident set size (kbytes): 268376
	Average resident set size (kbytes): 0
	Major (requiring I/O) page faults: 0
	Minor (reclaiming a frame) page faults: 39597
	Voluntary context switches: 224
	Involuntary context switches: 424
	Swaps: 0
	File system inputs: 0
	File system outputs: 160
	Socket messages sent: 0
	Socket messages received: 0
	Signals delivered: 0
	Page size (bytes): 4096
	Exit status: 0
