=== 2026-05-07T19:29:23Z | pid=2391100 | host=nah-popos | EXECUTED ===
	Command being timed: "/home/vltanh/Documents/netsci-research/community-detection/constrained-clustering/constrained_clustering CM --mincut-type cactus --connectedness-criterion piecewise --edgelist /home/vltanh/Documents/netsci-research/examples/synthetic_networks/networks/sbm/sbm-flat-best+cc/dnc/0/edge.csv --existing-clustering /home/vltanh/Documents/netsci-research/examples/estimated_clusterings/sbm/sbm-flat-best+cc/clusterings/leiden-cpm-0.1/dnc/0/com.csv --algorithm leiden-cpm --num-processors 1 --output-file /home/vltanh/Documents/netsci-research/examples/estimated_clusterings/sbm/sbm-flat-best+cc/clusterings/leiden-cpm-0.1+cm(piecewise)/dnc/0/com.csv --history-file /home/vltanh/Documents/netsci-research/examples/estimated_clusterings/sbm/sbm-flat-best+cc/clusterings/leiden-cpm-0.1+cm(piecewise)/dnc/0/.state/history.log --log-file /home/vltanh/Documents/netsci-research/examples/estimated_clusterings/sbm/sbm-flat-best+cc/clusterings/leiden-cpm-0.1+cm(piecewise)/dnc/0/.state/cm.log --log-level 1 --clustering-parameter 0.1"
	User time (seconds): 0.02
	System time (seconds): 0.00
	Percent of CPU this job got: 92%
	Elapsed (wall clock) time (h:mm:ss or m:ss): 0:00.02
	Average shared text size (kbytes): 0
	Average unshared data size (kbytes): 0
	Average stack size (kbytes): 0
	Average total size (kbytes): 0
	Maximum resident set size (kbytes): 9332
	Average resident set size (kbytes): 0
	Major (requiring I/O) page faults: 0
	Minor (reclaiming a frame) page faults: 903
	Voluntary context switches: 2
	Involuntary context switches: 10
	Swaps: 0
	File system inputs: 0
	File system outputs: 24
	Socket messages sent: 0
	Socket messages received: 0
	Signals delivered: 0
	Page size (bytes): 4096
	Exit status: 0
=== exit=0 ===
