=== Invocation 2026-05-07T19:28:55Z | seed=1 | keep_state=1 | pid=2388845 | host=nah-popos ===
=== [Stage 1 (profile)] /home/vltanh/Documents/netsci-research/examples/synthetic_networks/networks/ec-sbm-v2/sbm-flat-best+cc/dnc/0/.state/profile/time_and_err.log ===
[Stage 1 (profile)] === 2026-05-07T19:28:55Z | pid=2388845 | host=nah-popos | EXECUTED ===
[Stage 1 (profile)] 	Command being timed: "python /home/vltanh/Documents/netsci-research/network-generation/externals/ec-sbm/src/profile.py --edgelist /home/vltanh/Documents/netsci-research/examples/empirical_networks/networks/dnc/dnc.csv --clustering /home/vltanh/Documents/netsci-research/examples/reference_clusterings/clusterings/sbm-flat-best+cc/dnc/com.csv --output-folder /home/vltanh/Documents/netsci-research/examples/synthetic_networks/networks/ec-sbm-v2/sbm-flat-best+cc/dnc/0/.state/profile --params-file /home/vltanh/Documents/netsci-research/examples/synthetic_networks/networks/ec-sbm-v2/sbm-flat-best+cc/dnc/0/.state/profile/params.txt"
[Stage 1 (profile)] 	User time (seconds): 0.33
[Stage 1 (profile)] 	System time (seconds): 0.04
[Stage 1 (profile)] 	Percent of CPU this job got: 97%
[Stage 1 (profile)] 	Elapsed (wall clock) time (h:mm:ss or m:ss): 0:00.38
[Stage 1 (profile)] 	Average shared text size (kbytes): 0
[Stage 1 (profile)] 	Average unshared data size (kbytes): 0
[Stage 1 (profile)] 	Average stack size (kbytes): 0
[Stage 1 (profile)] 	Average total size (kbytes): 0
[Stage 1 (profile)] 	Maximum resident set size (kbytes): 87344
[Stage 1 (profile)] 	Average resident set size (kbytes): 0
[Stage 1 (profile)] 	Major (requiring I/O) page faults: 0
[Stage 1 (profile)] 	Minor (reclaiming a frame) page faults: 14005
[Stage 1 (profile)] 	Voluntary context switches: 22
[Stage 1 (profile)] 	Involuntary context switches: 77
[Stage 1 (profile)] 	Swaps: 0
[Stage 1 (profile)] 	File system inputs: 0
[Stage 1 (profile)] 	File system outputs: 64
[Stage 1 (profile)] 	Socket messages sent: 0
[Stage 1 (profile)] 	Socket messages received: 0
[Stage 1 (profile)] 	Signals delivered: 0
[Stage 1 (profile)] 	Page size (bytes): 4096
[Stage 1 (profile)] 	Exit status: 0
[Stage 1 (profile)] === exit=0 ===

=== [Stage 1 (profile)] /home/vltanh/Documents/netsci-research/examples/synthetic_networks/networks/ec-sbm-v2/sbm-flat-best+cc/dnc/0/.state/profile/run.log ===
[Stage 1 (profile)] 2026-05-07 14:28:55,705 - INFO - Input reading elapsed: 0.0157 seconds
[Stage 1 (profile)] 2026-05-07 14:28:55,707 - INFO - Outlier transform elapsed: 0.0018 seconds
[Stage 1 (profile)] 2026-05-07 14:28:55,708 - INFO - Mappings computation elapsed: 0.0004 seconds
[Stage 1 (profile)] 2026-05-07 14:28:55,725 - INFO - Outputs export elapsed: 0.0175 seconds

=== [Stage 2 (gen_clustered)] /home/vltanh/Documents/netsci-research/examples/synthetic_networks/networks/ec-sbm-v2/sbm-flat-best+cc/dnc/0/.state/gen_clustered/time_and_err.log ===
[Stage 2 (gen_clustered)] === 2026-05-07T19:28:55Z | pid=2388845 | host=nah-popos | EXECUTED ===
[Stage 2 (gen_clustered)] 	Command being timed: "python /home/vltanh/Documents/netsci-research/network-generation/externals/ec-sbm/src/gen_clustered.py --method res-deg-weighted --node-id /home/vltanh/Documents/netsci-research/examples/synthetic_networks/networks/ec-sbm-v2/sbm-flat-best+cc/dnc/0/.state/profile/node_id.csv --cluster-id /home/vltanh/Documents/netsci-research/examples/synthetic_networks/networks/ec-sbm-v2/sbm-flat-best+cc/dnc/0/.state/profile/cluster_id.csv --assignment /home/vltanh/Documents/netsci-research/examples/synthetic_networks/networks/ec-sbm-v2/sbm-flat-best+cc/dnc/0/.state/profile/assignment.csv --degree /home/vltanh/Documents/netsci-research/examples/synthetic_networks/networks/ec-sbm-v2/sbm-flat-best+cc/dnc/0/.state/profile/degree.csv --mincut /home/vltanh/Documents/netsci-research/examples/synthetic_networks/networks/ec-sbm-v2/sbm-flat-best+cc/dnc/0/.state/profile/mincut.csv --edge-counts /home/vltanh/Documents/netsci-research/examples/synthetic_networks/networks/ec-sbm-v2/sbm-flat-best+cc/dnc/0/.state/profile/edge_counts.csv --output-folder /home/vltanh/Documents/netsci-research/examples/synthetic_networks/networks/ec-sbm-v2/sbm-flat-best+cc/dnc/0/.state/gen_clustered --seed 1 --no-sbm-overlay"
[Stage 2 (gen_clustered)] 	User time (seconds): 0.44
[Stage 2 (gen_clustered)] 	System time (seconds): 0.06
[Stage 2 (gen_clustered)] 	Percent of CPU this job got: 98%
[Stage 2 (gen_clustered)] 	Elapsed (wall clock) time (h:mm:ss or m:ss): 0:00.51
[Stage 2 (gen_clustered)] 	Average shared text size (kbytes): 0
[Stage 2 (gen_clustered)] 	Average unshared data size (kbytes): 0
[Stage 2 (gen_clustered)] 	Average stack size (kbytes): 0
[Stage 2 (gen_clustered)] 	Average total size (kbytes): 0
[Stage 2 (gen_clustered)] 	Maximum resident set size (kbytes): 94656
[Stage 2 (gen_clustered)] 	Average resident set size (kbytes): 0
[Stage 2 (gen_clustered)] 	Major (requiring I/O) page faults: 0
[Stage 2 (gen_clustered)] 	Minor (reclaiming a frame) page faults: 15796
[Stage 2 (gen_clustered)] 	Voluntary context switches: 22
[Stage 2 (gen_clustered)] 	Involuntary context switches: 99
[Stage 2 (gen_clustered)] 	Swaps: 0
[Stage 2 (gen_clustered)] 	File system inputs: 0
[Stage 2 (gen_clustered)] 	File system outputs: 40
[Stage 2 (gen_clustered)] 	Socket messages sent: 0
[Stage 2 (gen_clustered)] 	Socket messages received: 0
[Stage 2 (gen_clustered)] 	Signals delivered: 0
[Stage 2 (gen_clustered)] 	Page size (bytes): 4096
[Stage 2 (gen_clustered)] 	Exit status: 0
[Stage 2 (gen_clustered)] === exit=0 ===

=== [Stage 2 (gen_clustered)] /home/vltanh/Documents/netsci-research/examples/synthetic_networks/networks/ec-sbm-v2/sbm-flat-best+cc/dnc/0/.state/gen_clustered/run.log ===
[Stage 2 (gen_clustered)] 2026-05-07 14:28:56,146 - INFO - Starting EC-SBM clustered generation (method=res-deg-weighted)...
[Stage 2 (gen_clustered)] 2026-05-07 14:28:56,146 - INFO - Stage 2 method=res-deg-weighted (sbm_overlay=False)...
[Stage 2 (gen_clustered)] 2026-05-07 14:28:56,232 - INFO - Input loading elapsed: 0.0857 seconds
[Stage 2 (gen_clustered)] 2026-05-07 14:28:56,232 - INFO - Generating cluster 0 (N=78 | k=1)
[Stage 2 (gen_clustered)] 2026-05-07 14:28:56,236 - INFO - Generating cluster 1 (N=76 | k=1)
[Stage 2 (gen_clustered)] 2026-05-07 14:28:56,240 - INFO - Generating cluster 2 (N=55 | k=1)
[Stage 2 (gen_clustered)] 2026-05-07 14:28:56,243 - INFO - Generating cluster 3 (N=47 | k=1)
[Stage 2 (gen_clustered)] 2026-05-07 14:28:56,245 - INFO - Generating cluster 4 (N=36 | k=1)
[Stage 2 (gen_clustered)] 2026-05-07 14:28:56,247 - INFO - Generating cluster 5 (N=24 | k=1)
[Stage 2 (gen_clustered)] 2026-05-07 14:28:56,248 - INFO - Generating cluster 6 (N=21 | k=2)
[Stage 2 (gen_clustered)] 2026-05-07 14:28:56,249 - INFO - Generating cluster 7 (N=21 | k=1)
[Stage 2 (gen_clustered)] 2026-05-07 14:28:56,250 - INFO - Generating cluster 8 (N=16 | k=1)
[Stage 2 (gen_clustered)] 2026-05-07 14:28:56,251 - INFO - Generating cluster 9 (N=16 | k=4)
[Stage 2 (gen_clustered)] 2026-05-07 14:28:56,253 - INFO - Generating cluster 10 (N=15 | k=3)
[Stage 2 (gen_clustered)] 2026-05-07 14:28:56,255 - INFO - Generating cluster 11 (N=13 | k=2)
[Stage 2 (gen_clustered)] 2026-05-07 14:28:56,256 - INFO - Generating cluster 12 (N=10 | k=9)
[Stage 2 (gen_clustered)] 2026-05-07 14:28:56,257 - INFO - Generating cluster 13 (N=10 | k=3)
[Stage 2 (gen_clustered)] 2026-05-07 14:28:56,259 - INFO - Generating cluster 14 (N=10 | k=7)
[Stage 2 (gen_clustered)] 2026-05-07 14:28:56,260 - INFO - Generating cluster 15 (N=8 | k=2)
[Stage 2 (gen_clustered)] 2026-05-07 14:28:56,261 - INFO - Generating cluster 16 (N=8 | k=1)
[Stage 2 (gen_clustered)] 2026-05-07 14:28:56,261 - INFO - Generating cluster 17 (N=7 | k=5)
[Stage 2 (gen_clustered)] 2026-05-07 14:28:56,262 - INFO - Generating cluster 18 (N=7 | k=3)
[Stage 2 (gen_clustered)] 2026-05-07 14:28:56,262 - INFO - Generating cluster 19 (N=7 | k=2)
[Stage 2 (gen_clustered)] 2026-05-07 14:28:56,263 - INFO - Generating cluster 20 (N=7 | k=6)
[Stage 2 (gen_clustered)] 2026-05-07 14:28:56,263 - INFO - Generating cluster 21 (N=6 | k=5)
[Stage 2 (gen_clustered)] 2026-05-07 14:28:56,264 - INFO - Generating cluster 22 (N=5 | k=4)
[Stage 2 (gen_clustered)] 2026-05-07 14:28:56,265 - INFO - Generating cluster 23 (N=4 | k=3)
[Stage 2 (gen_clustered)] 2026-05-07 14:28:56,265 - INFO - Generating cluster 24 (N=4 | k=1)
[Stage 2 (gen_clustered)] 2026-05-07 14:28:56,265 - INFO - Generating cluster 25 (N=3 | k=2)
[Stage 2 (gen_clustered)] 2026-05-07 14:28:56,265 - INFO - Generating cluster 26 (N=3 | k=2)
[Stage 2 (gen_clustered)] 2026-05-07 14:28:56,265 - INFO - Generating cluster 27 (N=3 | k=1)
[Stage 2 (gen_clustered)] 2026-05-07 14:28:56,265 - INFO - Generating cluster 28 (N=3 | k=1)
[Stage 2 (gen_clustered)] 2026-05-07 14:28:56,265 - INFO - Generating cluster 29 (N=3 | k=1)
[Stage 2 (gen_clustered)] 2026-05-07 14:28:56,266 - INFO - Generating cluster 30 (N=3 | k=2)
[Stage 2 (gen_clustered)] 2026-05-07 14:28:56,266 - INFO - Generating cluster 31 (N=2 | k=1)
[Stage 2 (gen_clustered)] 2026-05-07 14:28:56,266 - INFO - Generating cluster 32 (N=2 | k=1)
[Stage 2 (gen_clustered)] 2026-05-07 14:28:56,266 - INFO - Generating cluster 33 (N=2 | k=1)
[Stage 2 (gen_clustered)] 2026-05-07 14:28:56,266 - INFO - Generating cluster 34 (N=2 | k=1)
[Stage 2 (gen_clustered)] 2026-05-07 14:28:56,266 - INFO - Generating cluster 35 (N=2 | k=1)
[Stage 2 (gen_clustered)] 2026-05-07 14:28:56,266 - INFO - Generating cluster 36 (N=2 | k=1)
[Stage 2 (gen_clustered)] 2026-05-07 14:28:56,266 - INFO - Generating cluster 37 (N=2 | k=1)
[Stage 2 (gen_clustered)] 2026-05-07 14:28:56,266 - INFO - Generating cluster 38 (N=2 | k=1)
[Stage 2 (gen_clustered)] 2026-05-07 14:28:56,266 - INFO - Generating cluster 39 (N=2 | k=1)
[Stage 2 (gen_clustered)] 2026-05-07 14:28:56,266 - INFO - Generating cluster 40 (N=2 | k=1)
[Stage 2 (gen_clustered)] 2026-05-07 14:28:56,266 - INFO - Generating cluster 41 (N=2 | k=1)
[Stage 2 (gen_clustered)] 2026-05-07 14:28:56,266 - INFO - Generating cluster 42 (N=2 | k=1)
[Stage 2 (gen_clustered)] 2026-05-07 14:28:56,267 - INFO - Generating cluster 43 (N=2 | k=1)
[Stage 2 (gen_clustered)] 2026-05-07 14:28:56,267 - INFO - Generating cluster 44 (N=2 | k=1)
[Stage 2 (gen_clustered)] 2026-05-07 14:28:56,267 - INFO - Generating cluster 45 (N=2 | k=1)
[Stage 2 (gen_clustered)] 2026-05-07 14:28:56,267 - INFO - Generating cluster 46 (N=2 | k=1)
[Stage 2 (gen_clustered)] 2026-05-07 14:28:56,267 - INFO - Generating cluster 47 (N=2 | k=1)
[Stage 2 (gen_clustered)] 2026-05-07 14:28:56,267 - INFO - Generating cluster 48 (N=2 | k=1)
[Stage 2 (gen_clustered)] 2026-05-07 14:28:56,267 - INFO - Generating cluster 49 (N=2 | k=1)
[Stage 2 (gen_clustered)] 2026-05-07 14:28:56,267 - INFO - Generating cluster 50 (N=2 | k=1)
[Stage 2 (gen_clustered)] 2026-05-07 14:28:56,267 - INFO - Generating cluster 51 (N=2 | k=1)
[Stage 2 (gen_clustered)] 2026-05-07 14:28:56,267 - INFO - Generating cluster 52 (N=2 | k=1)
[Stage 2 (gen_clustered)] 2026-05-07 14:28:56,267 - INFO - Generating cluster 53 (N=2 | k=1)
[Stage 2 (gen_clustered)] 2026-05-07 14:28:56,267 - INFO - Generating cluster 54 (N=2 | k=1)
[Stage 2 (gen_clustered)] 2026-05-07 14:28:56,267 - INFO - Generating cluster 55 (N=2 | k=1)
[Stage 2 (gen_clustered)] 2026-05-07 14:28:56,267 - INFO - Generating cluster 56 (N=2 | k=1)
[Stage 2 (gen_clustered)] 2026-05-07 14:28:56,267 - INFO - Generating cluster 57 (N=2 | k=1)
[Stage 2 (gen_clustered)] 2026-05-07 14:28:56,267 - INFO - Generating cluster 58 (N=2 | k=1)
[Stage 2 (gen_clustered)] 2026-05-07 14:28:56,268 - INFO - Generating cluster 59 (N=2 | k=1)
[Stage 2 (gen_clustered)] 2026-05-07 14:28:56,268 - INFO - Generating cluster 60 (N=2 | k=1)
[Stage 2 (gen_clustered)] 2026-05-07 14:28:56,268 - INFO - Generating cluster 61 (N=2 | k=1)
[Stage 2 (gen_clustered)] 2026-05-07 14:28:56,268 - INFO - Generating cluster 62 (N=2 | k=1)
[Stage 2 (gen_clustered)] 2026-05-07 14:28:56,268 - INFO - Generating cluster 63 (N=2 | k=1)
[Stage 2 (gen_clustered)] 2026-05-07 14:28:56,268 - INFO - Generating cluster 64 (N=2 | k=1)
[Stage 2 (gen_clustered)] 2026-05-07 14:28:56,268 - INFO - Generation of k-edge-connected cores elapsed: 0.0358 seconds
[Stage 2 (gen_clustered)] 2026-05-07 14:28:56,271 - INFO - Exporting 781 constructive edges elapsed: 0.0032 seconds
[Stage 2 (gen_clustered)] 2026-05-07 14:28:56,271 - INFO - Clustered generation complete.

=== [Stage 3a (gen_outlier)] /home/vltanh/Documents/netsci-research/examples/synthetic_networks/networks/ec-sbm-v2/sbm-flat-best+cc/dnc/0/.state/gen_outlier/edges/time_and_err.log ===
[Stage 3a (gen_outlier)] === 2026-05-07T19:28:56Z | pid=2388845 | host=nah-popos | EXECUTED ===
[Stage 3a (gen_outlier)] 	Command being timed: "python /home/vltanh/Documents/netsci-research/network-generation/externals/ec-sbm/src/gen_outlier.py --orig-edgelist /home/vltanh/Documents/netsci-research/examples/empirical_networks/networks/dnc/dnc.csv --orig-clustering /home/vltanh/Documents/netsci-research/examples/reference_clusterings/clusterings/sbm-flat-best+cc/dnc/com.csv --exist-edgelist /home/vltanh/Documents/netsci-research/examples/synthetic_networks/networks/ec-sbm-v2/sbm-flat-best+cc/dnc/0/.state/gen_clustered/edge.csv --scope all --outlier-mode combined --output-folder /home/vltanh/Documents/netsci-research/examples/synthetic_networks/networks/ec-sbm-v2/sbm-flat-best+cc/dnc/0/.state/gen_outlier/edges --seed 2"
[Stage 3a (gen_outlier)] 	User time (seconds): 1.80
[Stage 3a (gen_outlier)] 	System time (seconds): 0.12
[Stage 3a (gen_outlier)] 	Percent of CPU this job got: 98%
[Stage 3a (gen_outlier)] 	Elapsed (wall clock) time (h:mm:ss or m:ss): 0:01.95
[Stage 3a (gen_outlier)] 	Average shared text size (kbytes): 0
[Stage 3a (gen_outlier)] 	Average unshared data size (kbytes): 0
[Stage 3a (gen_outlier)] 	Average stack size (kbytes): 0
[Stage 3a (gen_outlier)] 	Average total size (kbytes): 0
[Stage 3a (gen_outlier)] 	Maximum resident set size (kbytes): 261000
[Stage 3a (gen_outlier)] 	Average resident set size (kbytes): 0
[Stage 3a (gen_outlier)] 	Major (requiring I/O) page faults: 0
[Stage 3a (gen_outlier)] 	Minor (reclaiming a frame) page faults: 37993
[Stage 3a (gen_outlier)] 	Voluntary context switches: 225
[Stage 3a (gen_outlier)] 	Involuntary context switches: 333
[Stage 3a (gen_outlier)] 	Swaps: 0
[Stage 3a (gen_outlier)] 	File system inputs: 0
[Stage 3a (gen_outlier)] 	File system outputs: 136
[Stage 3a (gen_outlier)] 	Socket messages sent: 0
[Stage 3a (gen_outlier)] 	Socket messages received: 0
[Stage 3a (gen_outlier)] 	Signals delivered: 0
[Stage 3a (gen_outlier)] 	Page size (bytes): 4096
[Stage 3a (gen_outlier)] 	Exit status: 0
[Stage 3a (gen_outlier)] === exit=0 ===

=== [Stage 3a (gen_outlier)] /home/vltanh/Documents/netsci-research/examples/synthetic_networks/networks/ec-sbm-v2/sbm-flat-best+cc/dnc/0/.state/gen_outlier/edges/run.log ===
[Stage 3a (gen_outlier)] 2026-05-07 14:28:57,849 - INFO - Starting EC-SBM outlier generation (scope=all, outlier_mode=combined)...
[Stage 3a (gen_outlier)] 2026-05-07 14:28:58,123 - INFO - Setup elapsed: 0.2735 seconds
[Stage 3a (gen_outlier)] 2026-05-07 14:28:58,132 - INFO - SBM synthesis elapsed: 0.0095 seconds
[Stage 3a (gen_outlier)] 2026-05-07 14:28:58,138 - INFO - Export elapsed: 0.0060 seconds
[Stage 3a (gen_outlier)] 2026-05-07 14:28:58,138 - INFO - Outlier generation complete.

=== [Stage 3b (gen_outlier/combine)] /home/vltanh/Documents/netsci-research/examples/synthetic_networks/networks/ec-sbm-v2/sbm-flat-best+cc/dnc/0/.state/gen_outlier/time_and_err.log ===
[Stage 3b (gen_outlier/combine)] === 2026-05-07T19:28:58Z | pid=2388845 | host=nah-popos | EXECUTED ===
[Stage 3b (gen_outlier/combine)] 	Command being timed: "python /home/vltanh/Documents/netsci-research/network-generation/src/combine_edgelists.py --edgelist-1 /home/vltanh/Documents/netsci-research/examples/synthetic_networks/networks/ec-sbm-v2/sbm-flat-best+cc/dnc/0/.state/gen_clustered/edge.csv --json-1 /home/vltanh/Documents/netsci-research/examples/synthetic_networks/networks/ec-sbm-v2/sbm-flat-best+cc/dnc/0/.state/gen_clustered/sources.json --edgelist-2 /home/vltanh/Documents/netsci-research/examples/synthetic_networks/networks/ec-sbm-v2/sbm-flat-best+cc/dnc/0/.state/gen_outlier/edges/edge_outlier.csv --json-2 /home/vltanh/Documents/netsci-research/examples/synthetic_networks/networks/ec-sbm-v2/sbm-flat-best+cc/dnc/0/.state/gen_outlier/edges/sources.json --output-folder /home/vltanh/Documents/netsci-research/examples/synthetic_networks/networks/ec-sbm-v2/sbm-flat-best+cc/dnc/0/.state/gen_outlier --output-filename edge.csv"
[Stage 3b (gen_outlier/combine)] 	User time (seconds): 0.29
[Stage 3b (gen_outlier/combine)] 	System time (seconds): 0.05
[Stage 3b (gen_outlier/combine)] 	Percent of CPU this job got: 96%
[Stage 3b (gen_outlier/combine)] 	Elapsed (wall clock) time (h:mm:ss or m:ss): 0:00.35
[Stage 3b (gen_outlier/combine)] 	Average shared text size (kbytes): 0
[Stage 3b (gen_outlier/combine)] 	Average unshared data size (kbytes): 0
[Stage 3b (gen_outlier/combine)] 	Average stack size (kbytes): 0
[Stage 3b (gen_outlier/combine)] 	Average total size (kbytes): 0
[Stage 3b (gen_outlier/combine)] 	Maximum resident set size (kbytes): 86288
[Stage 3b (gen_outlier/combine)] 	Average resident set size (kbytes): 0
[Stage 3b (gen_outlier/combine)] 	Major (requiring I/O) page faults: 0
[Stage 3b (gen_outlier/combine)] 	Minor (reclaiming a frame) page faults: 13693
[Stage 3b (gen_outlier/combine)] 	Voluntary context switches: 21
[Stage 3b (gen_outlier/combine)] 	Involuntary context switches: 61
[Stage 3b (gen_outlier/combine)] 	Swaps: 0
[Stage 3b (gen_outlier/combine)] 	File system inputs: 0
[Stage 3b (gen_outlier/combine)] 	File system outputs: 136
[Stage 3b (gen_outlier/combine)] 	Socket messages sent: 0
[Stage 3b (gen_outlier/combine)] 	Socket messages received: 0
[Stage 3b (gen_outlier/combine)] 	Signals delivered: 0
[Stage 3b (gen_outlier/combine)] 	Page size (bytes): 4096
[Stage 3b (gen_outlier/combine)] 	Exit status: 0
[Stage 3b (gen_outlier/combine)] === exit=0 ===

=== [Stage 3b (gen_outlier/combine)] /home/vltanh/Documents/netsci-research/examples/synthetic_networks/networks/ec-sbm-v2/sbm-flat-best+cc/dnc/0/.state/gen_outlier/run.log ===
[Stage 3b (gen_outlier/combine)] 2026-05-07 14:28:58,611 - INFO - --- Starting Edgelist Combination & Provenance Tracking ---
[Stage 3b (gen_outlier/combine)] 2026-05-07 14:28:58,618 - INFO - Loaded 7739 total edges prior to deduplication.
[Stage 3b (gen_outlier/combine)] 2026-05-07 14:28:58,624 - INFO - Retained 7584 unique undirected edges.
[Stage 3b (gen_outlier/combine)] 2026-05-07 14:28:58,630 - INFO - Exported combined edgelist to edge.csv
[Stage 3b (gen_outlier/combine)] 2026-05-07 14:28:58,631 - INFO - Exported provenance map to sources.json
[Stage 3b (gen_outlier/combine)] 2026-05-07 14:28:58,631 - INFO - Combination elapsed: 0.0196 seconds
[Stage 3b (gen_outlier/combine)] 2026-05-07 14:28:58,631 - INFO - --- Combination Complete ---

=== [Stage 4a (match_degree)] /home/vltanh/Documents/netsci-research/examples/synthetic_networks/networks/ec-sbm-v2/sbm-flat-best+cc/dnc/0/.state/match_degree/edges/time_and_err.log ===
[Stage 4a (match_degree)] === 2026-05-07T19:28:58Z | pid=2388845 | host=nah-popos | EXECUTED ===
[Stage 4a (match_degree)] 	Command being timed: "python /home/vltanh/Documents/netsci-research/network-generation/src/match_degree.py --input-edgelist /home/vltanh/Documents/netsci-research/examples/synthetic_networks/networks/ec-sbm-v2/sbm-flat-best+cc/dnc/0/.state/gen_outlier/edge.csv --ref-edgelist /home/vltanh/Documents/netsci-research/examples/empirical_networks/networks/dnc/dnc.csv --degree-matcher cluster_preserving_true_greedy --input-clustering /home/vltanh/Documents/netsci-research/examples/reference_clusterings/clusterings/sbm-flat-best+cc/dnc/com.csv --ref-clustering /home/vltanh/Documents/netsci-research/examples/reference_clusterings/clusterings/sbm-flat-best+cc/dnc/com.csv --outlier-mode combined --output-folder /home/vltanh/Documents/netsci-research/examples/synthetic_networks/networks/ec-sbm-v2/sbm-flat-best+cc/dnc/0/.state/match_degree/edges --seed 3"
[Stage 4a (match_degree)] 	User time (seconds): 0.64
[Stage 4a (match_degree)] 	System time (seconds): 0.04
[Stage 4a (match_degree)] 	Percent of CPU this job got: 98%
[Stage 4a (match_degree)] 	Elapsed (wall clock) time (h:mm:ss or m:ss): 0:00.70
[Stage 4a (match_degree)] 	Average shared text size (kbytes): 0
[Stage 4a (match_degree)] 	Average unshared data size (kbytes): 0
[Stage 4a (match_degree)] 	Average stack size (kbytes): 0
[Stage 4a (match_degree)] 	Average total size (kbytes): 0
[Stage 4a (match_degree)] 	Maximum resident set size (kbytes): 88700
[Stage 4a (match_degree)] 	Average resident set size (kbytes): 0
[Stage 4a (match_degree)] 	Major (requiring I/O) page faults: 0
[Stage 4a (match_degree)] 	Minor (reclaiming a frame) page faults: 15526
[Stage 4a (match_degree)] 	Voluntary context switches: 21
[Stage 4a (match_degree)] 	Involuntary context switches: 95
[Stage 4a (match_degree)] 	Swaps: 0
[Stage 4a (match_degree)] 	File system inputs: 0
[Stage 4a (match_degree)] 	File system outputs: 56
[Stage 4a (match_degree)] 	Socket messages sent: 0
[Stage 4a (match_degree)] 	Socket messages received: 0
[Stage 4a (match_degree)] 	Signals delivered: 0
[Stage 4a (match_degree)] 	Page size (bytes): 4096
[Stage 4a (match_degree)] 	Exit status: 0
[Stage 4a (match_degree)] === exit=0 ===

=== [Stage 4a (match_degree)] /home/vltanh/Documents/netsci-research/examples/synthetic_networks/networks/ec-sbm-v2/sbm-flat-best+cc/dnc/0/.state/match_degree/edges/run.log ===
[Stage 4a (match_degree)] 2026-05-07 14:28:58,977 - INFO - --- Starting Degree Matching (stack=cluster_preserving_true_greedy) ---
[Stage 4a (match_degree)] 2026-05-07 14:28:58,997 - INFO - Loaded reference topologies elapsed: 0.0196 seconds
[Stage 4a (match_degree)] 2026-05-07 14:28:59,007 - INFO - Subtracted existing edges elapsed: 0.0102 seconds
[Stage 4a (match_degree)] 2026-05-07 14:28:59,035 - INFO - Built per-bp budget (direct mode) elapsed: 0.0275 seconds
[Stage 4a (match_degree)] 2026-05-07 14:28:59,035 - INFO - Starting Cluster-Preserving True Greedy matching algorithm...
[Stage 4a (match_degree)] 2026-05-07 14:28:59,035 - INFO - Initial missing stubs: 5694 (Target edges: 2847)
[Stage 4a (match_degree)] 2026-05-07 14:28:59,359 - WARNING - Finished with 105 gridlocked nodes.
[Stage 4a (match_degree)] 2026-05-07 14:28:59,360 - INFO - Stack step 'cluster_preserving_true_greedy': placed 2580 edges
[Stage 4a (match_degree)] 2026-05-07 14:28:59,360 - INFO - Added 2580 edges total across 1 step(s)
[Stage 4a (match_degree)] 2026-05-07 14:28:59,360 - INFO - Degree matching (stacked) elapsed: 0.3258 seconds
[Stage 4a (match_degree)] 2026-05-07 14:28:59,364 - INFO - Exported edgelist elapsed: 0.0039 seconds

=== [Stage 4b (match_degree/combine)] /home/vltanh/Documents/netsci-research/examples/synthetic_networks/networks/ec-sbm-v2/sbm-flat-best+cc/dnc/0/.state/match_degree/time_and_err.log ===
[Stage 4b (match_degree/combine)] === 2026-05-07T19:28:59Z | pid=2388845 | host=nah-popos | EXECUTED ===
[Stage 4b (match_degree/combine)] 	Command being timed: "python /home/vltanh/Documents/netsci-research/network-generation/src/combine_edgelists.py --edgelist-1 /home/vltanh/Documents/netsci-research/examples/synthetic_networks/networks/ec-sbm-v2/sbm-flat-best+cc/dnc/0/.state/gen_outlier/edge.csv --json-1 /home/vltanh/Documents/netsci-research/examples/synthetic_networks/networks/ec-sbm-v2/sbm-flat-best+cc/dnc/0/.state/gen_outlier/sources.json --edgelist-2 /home/vltanh/Documents/netsci-research/examples/synthetic_networks/networks/ec-sbm-v2/sbm-flat-best+cc/dnc/0/.state/match_degree/edges/degree_matching_edge.csv --json-2 /home/vltanh/Documents/netsci-research/examples/synthetic_networks/networks/ec-sbm-v2/sbm-flat-best+cc/dnc/0/.state/match_degree/edges/sources.json --output-folder /home/vltanh/Documents/netsci-research/examples/synthetic_networks/networks/ec-sbm-v2/sbm-flat-best+cc/dnc/0/.state/match_degree --output-filename edge.csv"
[Stage 4b (match_degree/combine)] 	User time (seconds): 0.36
[Stage 4b (match_degree/combine)] 	System time (seconds): 0.06
[Stage 4b (match_degree/combine)] 	Percent of CPU this job got: 97%
[Stage 4b (match_degree/combine)] 	Elapsed (wall clock) time (h:mm:ss or m:ss): 0:00.43
[Stage 4b (match_degree/combine)] 	Average shared text size (kbytes): 0
[Stage 4b (match_degree/combine)] 	Average unshared data size (kbytes): 0
[Stage 4b (match_degree/combine)] 	Average stack size (kbytes): 0
[Stage 4b (match_degree/combine)] 	Average total size (kbytes): 0
[Stage 4b (match_degree/combine)] 	Maximum resident set size (kbytes): 86476
[Stage 4b (match_degree/combine)] 	Average resident set size (kbytes): 0
[Stage 4b (match_degree/combine)] 	Major (requiring I/O) page faults: 0
[Stage 4b (match_degree/combine)] 	Minor (reclaiming a frame) page faults: 13737
[Stage 4b (match_degree/combine)] 	Voluntary context switches: 22
[Stage 4b (match_degree/combine)] 	Involuntary context switches: 70
[Stage 4b (match_degree/combine)] 	Swaps: 0
[Stage 4b (match_degree/combine)] 	File system inputs: 0
[Stage 4b (match_degree/combine)] 	File system outputs: 176
[Stage 4b (match_degree/combine)] 	Socket messages sent: 0
[Stage 4b (match_degree/combine)] 	Socket messages received: 0
[Stage 4b (match_degree/combine)] 	Signals delivered: 0
[Stage 4b (match_degree/combine)] 	Page size (bytes): 4096
[Stage 4b (match_degree/combine)] 	Exit status: 0
[Stage 4b (match_degree/combine)] === exit=0 ===

=== [Stage 4b (match_degree/combine)] /home/vltanh/Documents/netsci-research/examples/synthetic_networks/networks/ec-sbm-v2/sbm-flat-best+cc/dnc/0/.state/match_degree/run.log ===
[Stage 4b (match_degree/combine)] 2026-05-07 14:28:59,798 - INFO - --- Starting Edgelist Combination & Provenance Tracking ---
[Stage 4b (match_degree/combine)] 2026-05-07 14:28:59,804 - INFO - Loaded 10164 total edges prior to deduplication.
[Stage 4b (match_degree/combine)] 2026-05-07 14:28:59,811 - INFO - Retained 10164 unique undirected edges.
[Stage 4b (match_degree/combine)] 2026-05-07 14:28:59,818 - INFO - Exported combined edgelist to edge.csv
[Stage 4b (match_degree/combine)] 2026-05-07 14:28:59,818 - INFO - Exported provenance map to sources.json
[Stage 4b (match_degree/combine)] 2026-05-07 14:28:59,818 - INFO - Combination elapsed: 0.0202 seconds
[Stage 4b (match_degree/combine)] 2026-05-07 14:28:59,818 - INFO - --- Combination Complete ---

