=== 2026-05-07T19:28:54Z | pid=2388747 | host=nah-popos | EXECUTED ===
	Command being timed: "python /home/vltanh/Documents/netsci-research/community-detection/src/sbm/choose_best_sbm.py --entropy_files /home/vltanh/Documents/netsci-research/examples/reference_clusterings/clusterings/sbm-flat-dc/dnc/entropy.txt /home/vltanh/Documents/netsci-research/examples/reference_clusterings/clusterings/sbm-flat-ndc/dnc/entropy.txt /home/vltanh/Documents/netsci-research/examples/reference_clusterings/clusterings/sbm-flat-pp/dnc/entropy.txt --com_files /home/vltanh/Documents/netsci-research/examples/reference_clusterings/clusterings/sbm-flat-dc/dnc/com.csv /home/vltanh/Documents/netsci-research/examples/reference_clusterings/clusterings/sbm-flat-ndc/dnc/com.csv /home/vltanh/Documents/netsci-research/examples/reference_clusterings/clusterings/sbm-flat-pp/dnc/com.csv --model_names flat-dc flat-ndc flat-pp --out_dir /home/vltanh/Documents/netsci-research/examples/reference_clusterings/clusterings/sbm-flat-best/dnc --log-file /home/vltanh/Documents/netsci-research/examples/reference_clusterings/clusterings/sbm-flat-best/dnc/.state/run.log"
	User time (seconds): 0.35
	System time (seconds): 0.05
	Percent of CPU this job got: 97%
	Elapsed (wall clock) time (h:mm:ss or m:ss): 0:00.41
	Average shared text size (kbytes): 0
	Average unshared data size (kbytes): 0
	Average stack size (kbytes): 0
	Average total size (kbytes): 0
	Maximum resident set size (kbytes): 84840
	Average resident set size (kbytes): 0
	Major (requiring I/O) page faults: 0
	Minor (reclaiming a frame) page faults: 12988
	Voluntary context switches: 22
	Involuntary context switches: 68
	Swaps: 0
	File system inputs: 0
	File system outputs: 24
	Socket messages sent: 0
	Socket messages received: 0
	Signals delivered: 0
	Page size (bytes): 4096
	Exit status: 0
=== exit=0 ===
