=== 2026-05-07T19:29:08Z | pid=2389603 | host=nah-popos | EXECUTED ===
	Command being timed: "python /home/vltanh/Documents/netsci-research/network-generation/src/match_degree.py --input-edgelist /home/vltanh/Documents/netsci-research/examples/synthetic_networks/networks/sbm/sbm-flat-best+cc/dnc/0/.state/gen/edge.csv --ref-edgelist /home/vltanh/Documents/netsci-research/examples/empirical_networks/networks/dnc/dnc.csv --degree-matcher cluster_preserving_true_greedy --input-clustering /home/vltanh/Documents/netsci-research/examples/synthetic_networks/networks/sbm/sbm-flat-best+cc/dnc/0/.state/gen/com.csv --ref-clustering /home/vltanh/Documents/netsci-research/examples/reference_clusterings/clusterings/sbm-flat-best+cc/dnc/com.csv --outlier-mode combined --output-folder /home/vltanh/Documents/netsci-research/examples/synthetic_networks/networks/sbm/sbm-flat-best+cc/dnc/0/.state/match_degree/edges --seed 2"
	User time (seconds): 0.92
	System time (seconds): 0.06
	Percent of CPU this job got: 98%
	Elapsed (wall clock) time (h:mm:ss or m:ss): 0:01.00
	Average shared text size (kbytes): 0
	Average unshared data size (kbytes): 0
	Average stack size (kbytes): 0
	Average total size (kbytes): 0
	Maximum resident set size (kbytes): 88424
	Average resident set size (kbytes): 0
	Major (requiring I/O) page faults: 0
	Minor (reclaiming a frame) page faults: 15538
	Voluntary context switches: 21
	Involuntary context switches: 126
	Swaps: 0
	File system inputs: 0
	File system outputs: 64
	Socket messages sent: 0
	Socket messages received: 0
	Signals delivered: 0
	Page size (bytes): 4096
	Exit status: 0
=== exit=0 ===
