	Command being timed: "python /home/vltanh/Documents/netsci-research/community-detection/network_evaluation/network_stats/compute_cluster_stats.py --network /home/vltanh/Documents/netsci-research/examples/empirical_networks/networks/dnc/dnc.csv --community /home/vltanh/Documents/netsci-research/examples/reference_clusterings/clusterings/sbm-flat-dc/dnc/com.csv --outdir /home/vltanh/Documents/netsci-research/examples/reference_clusterings/stats/sbm-flat-dc/dnc"
	User time (seconds): 1.64
	System time (seconds): 0.16
	Percent of CPU this job got: 99%
	Elapsed (wall clock) time (h:mm:ss or m:ss): 0:01.82
	Average shared text size (kbytes): 0
	Average unshared data size (kbytes): 0
	Average stack size (kbytes): 0
	Average total size (kbytes): 0
	Maximum resident set size (kbytes): 260024
	Average resident set size (kbytes): 0
	Major (requiring I/O) page faults: 0
	Minor (reclaiming a frame) page faults: 40821
	Voluntary context switches: 231
	Involuntary context switches: 276
	Swaps: 0
	File system inputs: 0
	File system outputs: 512
	Socket messages sent: 0
	Socket messages received: 0
	Signals delivered: 0
	Page size (bytes): 4096
	Exit status: 0
