=== 2026-05-07T19:29:20Z | pid=2390874 | host=nah-popos | EXECUTED ===
	Command being timed: "python /home/vltanh/Documents/netsci-research/community-detection/src/leiden/run_leiden.py --edgelist /home/vltanh/Documents/netsci-research/examples/synthetic_networks/networks/sbm/sbm-flat-best+cc/dnc/0/edge.csv --output-directory /home/vltanh/Documents/netsci-research/examples/estimated_clusterings/sbm/sbm-flat-best+cc/clusterings/leiden-cpm-0.1/dnc/0 --model cpm --seed 1 --n-iterations 2 --resolution 0.1 --log-file /home/vltanh/Documents/netsci-research/examples/estimated_clusterings/sbm/sbm-flat-best+cc/clusterings/leiden-cpm-0.1/dnc/0/.state/run.log"
	User time (seconds): 0.94
	System time (seconds): 0.08
	Percent of CPU this job got: 97%
	Elapsed (wall clock) time (h:mm:ss or m:ss): 0:01.05
	Average shared text size (kbytes): 0
	Average unshared data size (kbytes): 0
	Average stack size (kbytes): 0
	Average total size (kbytes): 0
	Maximum resident set size (kbytes): 123712
	Average resident set size (kbytes): 0
	Major (requiring I/O) page faults: 0
	Minor (reclaiming a frame) page faults: 22285
	Voluntary context switches: 22
	Involuntary context switches: 327
	Swaps: 0
	File system inputs: 0
	File system outputs: 16
	Socket messages sent: 0
	Socket messages received: 0
	Signals delivered: 0
	Page size (bytes): 4096
	Exit status: 0
=== exit=0 ===
