=== 2026-05-07T19:28:44Z | pid=2388102 | host=nah-popos | EXECUTED ===
	Command being timed: "/home/vltanh/Documents/netsci-research/community-detection/constrained-clustering/constrained_clustering MincutOnly --edgelist /home/vltanh/Documents/netsci-research/examples/empirical_networks/networks/dnc/dnc.csv --existing-clustering /home/vltanh/Documents/netsci-research/examples/reference_clusterings/clusterings/sbm-flat-ndc/dnc/com.csv --num-processors 1 --output-file /home/vltanh/Documents/netsci-research/examples/reference_clusterings/clusterings/sbm-flat-ndc+cc/dnc/com.csv --log-file /home/vltanh/Documents/netsci-research/examples/reference_clusterings/clusterings/sbm-flat-ndc+cc/dnc/.state/cc.log --log-level 1 --connectedness-criterion 0"
	User time (seconds): 0.01
	System time (seconds): 0.00
	Percent of CPU this job got: 88%
	Elapsed (wall clock) time (h:mm:ss or m:ss): 0:00.01
	Average shared text size (kbytes): 0
	Average unshared data size (kbytes): 0
	Average stack size (kbytes): 0
	Average total size (kbytes): 0
	Maximum resident set size (kbytes): 8048
	Average resident set size (kbytes): 0
	Major (requiring I/O) page faults: 0
	Minor (reclaiming a frame) page faults: 539
	Voluntary context switches: 1
	Involuntary context switches: 4
	Swaps: 0
	File system inputs: 0
	File system outputs: 16
	Socket messages sent: 0
	Socket messages received: 0
	Signals delivered: 0
	Page size (bytes): 4096
	Exit status: 0
=== exit=0 ===
