=== Invocation 2026-05-07T19:28:37Z | seed=1 | keep_state=1 | pid=2387165 | host=nah-popos ===
=== [cc] /home/vltanh/Documents/netsci-research/examples/reference_clusterings/clusterings/sbm-flat-dc+cc/dnc/.state/time_and_err.log ===
[cc] === 2026-05-07T19:28:37Z | pid=2387165 | host=nah-popos | EXECUTED ===
[cc] 	Command being timed: "/home/vltanh/Documents/netsci-research/community-detection/constrained-clustering/constrained_clustering MincutOnly --edgelist /home/vltanh/Documents/netsci-research/examples/empirical_networks/networks/dnc/dnc.csv --existing-clustering /home/vltanh/Documents/netsci-research/examples/reference_clusterings/clusterings/sbm-flat-dc/dnc/com.csv --num-processors 1 --output-file /home/vltanh/Documents/netsci-research/examples/reference_clusterings/clusterings/sbm-flat-dc+cc/dnc/com.csv --log-file /home/vltanh/Documents/netsci-research/examples/reference_clusterings/clusterings/sbm-flat-dc+cc/dnc/.state/cc.log --log-level 1 --connectedness-criterion 0"
[cc] 	User time (seconds): 0.02
[cc] 	System time (seconds): 0.00
[cc] 	Percent of CPU this job got: 100%
[cc] 	Elapsed (wall clock) time (h:mm:ss or m:ss): 0:00.02
[cc] 	Average shared text size (kbytes): 0
[cc] 	Average unshared data size (kbytes): 0
[cc] 	Average stack size (kbytes): 0
[cc] 	Average total size (kbytes): 0
[cc] 	Maximum resident set size (kbytes): 7952
[cc] 	Average resident set size (kbytes): 0
[cc] 	Major (requiring I/O) page faults: 0
[cc] 	Minor (reclaiming a frame) page faults: 537
[cc] 	Voluntary context switches: 1
[cc] 	Involuntary context switches: 2
[cc] 	Swaps: 0
[cc] 	File system inputs: 0
[cc] 	File system outputs: 16
[cc] 	Socket messages sent: 0
[cc] 	Socket messages received: 0
[cc] 	Signals delivered: 0
[cc] 	Page size (bytes): 4096
[cc] 	Exit status: 0
[cc] === exit=0 ===

=== [cc (cc)] /home/vltanh/Documents/netsci-research/examples/reference_clusterings/clusterings/sbm-flat-dc+cc/dnc/.state/cc.log ===
[cc (cc)] [INFO][0-0:0:0](t=0s) Running with mode (mincut of each cluster has to be greater than 0)
[cc (cc)] [INFO][0-0:0:0](t=0s) Parsing connectedness criterion
[cc (cc)] [INFO][0-0:0:0](t=0s) Loading the initial graph
[cc (cc)] [INFO][0-0:0:0](t=0s) Finished loading the initial graph
[cc (cc)] [INFO][0-0:0:0](t=0s) Writing output to: /home/vltanh/Documents/netsci-research/examples/reference_clusterings/clusterings/sbm-flat-dc+cc/dnc/com.csv

