=== Invocation 2026-05-07T19:29:15Z | seed=1 | keep_state=1 | pid=2390442 | host=nah-popos ===
=== [leiden-cpm-0.1] /home/vltanh/Documents/netsci-research/examples/estimated_clusterings/ec-sbm-v2/sbm-flat-best+cc/clusterings/leiden-cpm-0.1/dnc/0/.state/time_and_err.log ===
[leiden-cpm-0.1] === 2026-05-07T19:29:15Z | pid=2390442 | host=nah-popos | EXECUTED ===
[leiden-cpm-0.1] 	Command being timed: "python /home/vltanh/Documents/netsci-research/community-detection/src/leiden/run_leiden.py --edgelist /home/vltanh/Documents/netsci-research/examples/synthetic_networks/networks/ec-sbm-v2/sbm-flat-best+cc/dnc/0/edge.csv --output-directory /home/vltanh/Documents/netsci-research/examples/estimated_clusterings/ec-sbm-v2/sbm-flat-best+cc/clusterings/leiden-cpm-0.1/dnc/0 --model cpm --seed 1 --n-iterations 2 --resolution 0.1 --log-file /home/vltanh/Documents/netsci-research/examples/estimated_clusterings/ec-sbm-v2/sbm-flat-best+cc/clusterings/leiden-cpm-0.1/dnc/0/.state/run.log"
[leiden-cpm-0.1] 	User time (seconds): 0.80
[leiden-cpm-0.1] 	System time (seconds): 0.09
[leiden-cpm-0.1] 	Percent of CPU this job got: 98%
[leiden-cpm-0.1] 	Elapsed (wall clock) time (h:mm:ss or m:ss): 0:00.91
[leiden-cpm-0.1] 	Average shared text size (kbytes): 0
[leiden-cpm-0.1] 	Average unshared data size (kbytes): 0
[leiden-cpm-0.1] 	Average stack size (kbytes): 0
[leiden-cpm-0.1] 	Average total size (kbytes): 0
[leiden-cpm-0.1] 	Maximum resident set size (kbytes): 123708
[leiden-cpm-0.1] 	Average resident set size (kbytes): 0
[leiden-cpm-0.1] 	Major (requiring I/O) page faults: 0
[leiden-cpm-0.1] 	Minor (reclaiming a frame) page faults: 22322
[leiden-cpm-0.1] 	Voluntary context switches: 21
[leiden-cpm-0.1] 	Involuntary context switches: 150
[leiden-cpm-0.1] 	Swaps: 0
[leiden-cpm-0.1] 	File system inputs: 0
[leiden-cpm-0.1] 	File system outputs: 24
[leiden-cpm-0.1] 	Socket messages sent: 0
[leiden-cpm-0.1] 	Socket messages received: 0
[leiden-cpm-0.1] 	Signals delivered: 0
[leiden-cpm-0.1] 	Page size (bytes): 4096
[leiden-cpm-0.1] 	Exit status: 0
[leiden-cpm-0.1] === exit=0 ===

=== [leiden-cpm-0.1 (python)] /home/vltanh/Documents/netsci-research/examples/estimated_clusterings/ec-sbm-v2/sbm-flat-best+cc/clusterings/leiden-cpm-0.1/dnc/0/.state/run.log ===
[leiden-cpm-0.1 (python)] 2026-05-07 14:29:16,114 - INFO - load_network elapsed: 0.0336 seconds
[leiden-cpm-0.1 (python)] 2026-05-07 14:29:16,162 - INFO - leiden_run elapsed: 0.0486 seconds
[leiden-cpm-0.1 (python)] 2026-05-07 14:29:16,165 - INFO - Dropping 259 singleton cluster(s) from com.csv
[leiden-cpm-0.1 (python)] 2026-05-07 14:29:16,167 - INFO - save_results elapsed: 0.0043 seconds

