2026-05-07 14:29:13,855 - INFO - Building graph via hashed edge list...
2026-05-07 14:29:13,918 - INFO - Graph built in 0.063s
2026-05-07 14:29:13,923 - INFO - node.idx saved in 0.004s
2026-05-07 14:29:13,923 - INFO - Computing n_nodes...
2026-05-07 14:29:13,924 - INFO - n_nodes completed in 0.001s
2026-05-07 14:29:13,924 - INFO - Computing n_edges...
2026-05-07 14:29:13,925 - INFO - n_edges completed in 0.001s
2026-05-07 14:29:13,925 - INFO - Computing n_concomp...
2026-05-07 14:29:13,927 - INFO - n_concomp completed in 0.001s
2026-05-07 14:29:13,927 - INFO - Computing mean_degree...
2026-05-07 14:29:13,928 - INFO - mean_degree completed in 0.001s
2026-05-07 14:29:13,928 - INFO - Computing deg_assort...
2026-05-07 14:29:13,929 - INFO - deg_assort completed in 0.002s
2026-05-07 14:29:13,929 - INFO - Computing mean_kcore...
2026-05-07 14:29:13,930 - INFO - mean_kcore completed in 0.001s
2026-05-07 14:29:13,931 - INFO - Computing global_ccoeff...
2026-05-07 14:29:13,933 - INFO - global_ccoeff completed in 0.002s
2026-05-07 14:29:13,933 - INFO - Computing local_ccoeff...
2026-05-07 14:29:13,937 - INFO - local_ccoeff completed in 0.004s
2026-05-07 14:29:13,937 - INFO - Computing pseudo_diameter...
2026-05-07 14:29:13,939 - INFO - pseudo_diameter completed in 0.002s
2026-05-07 14:29:13,939 - INFO - Computing char_time...
2026-05-07 14:29:13,960 - INFO - char_time completed in 0.021s
2026-05-07 14:29:13,960 - INFO - Computing node_percolation_targeted...
2026-05-07 14:29:13,965 - INFO - node_percolation_targeted completed in 0.005s
2026-05-07 14:29:13,965 - INFO - Computing node_percolation_random...
2026-05-07 14:29:13,978 - INFO - node_percolation_random completed in 0.012s
2026-05-07 14:29:13,978 - INFO - Computing frac_giant_ccomp...
2026-05-07 14:29:13,980 - INFO - frac_giant_ccomp completed in 0.002s
2026-05-07 14:29:13,980 - INFO - Computing concomp_sizes...
2026-05-07 14:29:13,981 - INFO - concomp_sizes completed in 0.001s
2026-05-07 14:29:13,981 - INFO - Computing degree...
2026-05-07 14:29:13,982 - INFO - degree completed in 0.001s
2026-05-07 14:29:13,982 - INFO - Computing local_ccoeff_nodes...
2026-05-07 14:29:13,985 - INFO - local_ccoeff_nodes completed in 0.003s
2026-05-07 14:29:13,985 - INFO - Computing pagerank...
2026-05-07 14:29:14,002 - INFO - pagerank completed in 0.017s
2026-05-07 14:29:14,003 - INFO - Computing kcore...
2026-05-07 14:29:14,004 - INFO - kcore completed in 0.001s
2026-05-07 14:29:14,004 - INFO - Total time taken: 0.150s
