=== 2026-05-07T19:28:37Z | pid=2387165 | host=nah-popos | EXECUTED ===
	Command being timed: "/home/vltanh/Documents/netsci-research/community-detection/constrained-clustering/constrained_clustering MincutOnly --edgelist /home/vltanh/Documents/netsci-research/examples/empirical_networks/networks/dnc/dnc.csv --existing-clustering /home/vltanh/Documents/netsci-research/examples/reference_clusterings/clusterings/sbm-flat-dc/dnc/com.csv --num-processors 1 --output-file /home/vltanh/Documents/netsci-research/examples/reference_clusterings/clusterings/sbm-flat-dc+cc/dnc/com.csv --log-file /home/vltanh/Documents/netsci-research/examples/reference_clusterings/clusterings/sbm-flat-dc+cc/dnc/.state/cc.log --log-level 1 --connectedness-criterion 0"
	User time (seconds): 0.02
	System time (seconds): 0.00
	Percent of CPU this job got: 100%
	Elapsed (wall clock) time (h:mm:ss or m:ss): 0:00.02
	Average shared text size (kbytes): 0
	Average unshared data size (kbytes): 0
	Average stack size (kbytes): 0
	Average total size (kbytes): 0
	Maximum resident set size (kbytes): 7952
	Average resident set size (kbytes): 0
	Major (requiring I/O) page faults: 0
	Minor (reclaiming a frame) page faults: 537
	Voluntary context switches: 1
	Involuntary context switches: 2
	Swaps: 0
	File system inputs: 0
	File system outputs: 16
	Socket messages sent: 0
	Socket messages received: 0
	Signals delivered: 0
	Page size (bytes): 4096
	Exit status: 0
=== exit=0 ===
