2026-05-07 14:29:03,266 - INFO - Building graph via hashed edge list...
2026-05-07 14:29:03,319 - INFO - Graph built in 0.053s
2026-05-07 14:29:03,323 - INFO - node.idx saved in 0.003s
2026-05-07 14:29:03,323 - INFO - Computing n_nodes...
2026-05-07 14:29:03,323 - INFO - n_nodes completed in 0.001s
2026-05-07 14:29:03,323 - INFO - Computing n_edges...
2026-05-07 14:29:03,325 - INFO - n_edges completed in 0.001s
2026-05-07 14:29:03,325 - INFO - Computing n_concomp...
2026-05-07 14:29:03,326 - INFO - n_concomp completed in 0.001s
2026-05-07 14:29:03,326 - INFO - Computing mean_degree...
2026-05-07 14:29:03,327 - INFO - mean_degree completed in 0.001s
2026-05-07 14:29:03,327 - INFO - Computing deg_assort...
2026-05-07 14:29:03,328 - INFO - deg_assort completed in 0.001s
2026-05-07 14:29:03,328 - INFO - Computing mean_kcore...
2026-05-07 14:29:03,329 - INFO - mean_kcore completed in 0.001s
2026-05-07 14:29:03,329 - INFO - Computing global_ccoeff...
2026-05-07 14:29:03,332 - INFO - global_ccoeff completed in 0.002s
2026-05-07 14:29:03,332 - INFO - Computing local_ccoeff...
2026-05-07 14:29:03,333 - INFO - local_ccoeff completed in 0.002s
2026-05-07 14:29:03,334 - INFO - Computing pseudo_diameter...
2026-05-07 14:29:03,335 - INFO - pseudo_diameter completed in 0.001s
2026-05-07 14:29:03,335 - INFO - Computing char_time...
2026-05-07 14:29:03,348 - INFO - char_time completed in 0.013s
2026-05-07 14:29:03,348 - INFO - Computing node_percolation_targeted...
2026-05-07 14:29:03,351 - INFO - node_percolation_targeted completed in 0.003s
2026-05-07 14:29:03,351 - INFO - Computing node_percolation_random...
2026-05-07 14:29:03,361 - INFO - node_percolation_random completed in 0.010s
2026-05-07 14:29:03,361 - INFO - Computing frac_giant_ccomp...
2026-05-07 14:29:03,362 - INFO - frac_giant_ccomp completed in 0.001s
2026-05-07 14:29:03,362 - INFO - Computing concomp_sizes...
2026-05-07 14:29:03,363 - INFO - concomp_sizes completed in 0.001s
2026-05-07 14:29:03,363 - INFO - Computing degree...
2026-05-07 14:29:03,364 - INFO - degree completed in 0.001s
2026-05-07 14:29:03,364 - INFO - Computing local_ccoeff_nodes...
2026-05-07 14:29:03,365 - INFO - local_ccoeff_nodes completed in 0.002s
2026-05-07 14:29:03,365 - INFO - Computing pagerank...
2026-05-07 14:29:03,379 - INFO - pagerank completed in 0.013s
2026-05-07 14:29:03,379 - INFO - Computing kcore...
2026-05-07 14:29:03,380 - INFO - kcore completed in 0.001s
2026-05-07 14:29:03,380 - INFO - Total time taken: 0.114s
